<?xml version="1.0" encoding="UTF-8"?>
<testng-results ignored="0" total="2" passed="2" failed="0" skipped="0">
  <reporter-output>
  </reporter-output>
  <suite started-at="2023-02-08T11:25:24Z" name="Suite" finished-at="2023-02-08T11:25:53Z" duration-ms="28222">
    <groups>
    </groups>
    <test started-at="2023-02-08T11:25:24Z" name="Test" finished-at="2023-02-08T11:25:53Z" duration-ms="28222">
      <class name="com.inetBanking.TestCases.TC_AddCustomerTest_003">
        <test-method is-config="true" signature="setup(java.lang.String)[pri:0, instance:com.inetBanking.TestCases.TC_AddCustomerTest_003@23e84203]" started-at="2023-02-08T11:25:32Z" name="setup" finished-at="2023-02-08T11:25:37Z" duration-ms="4526" status="PASS">
          <params>
            <param index="0">
              <value>
                <![CDATA[chrome]]>
              </value>
            </param>
          </params>
          <reporter-output>
          </reporter-output>
        </test-method> <!-- setup -->
        <test-method signature="addNewCustomer()[pri:0, instance:com.inetBanking.TestCases.TC_AddCustomerTest_003@23e84203]" started-at="2023-02-08T11:25:37Z" name="addNewCustomer" finished-at="2023-02-08T11:25:52Z" duration-ms="15332" status="PASS">
          <reporter-output>
          </reporter-output>
        </test-method> <!-- addNewCustomer -->
        <test-method is-config="true" signature="tearDown()[pri:0, instance:com.inetBanking.TestCases.TC_AddCustomerTest_003@23e84203]" started-at="2023-02-08T11:25:52Z" name="tearDown" finished-at="2023-02-08T11:25:53Z" duration-ms="204" status="PASS">
          <reporter-output>
          </reporter-output>
        </test-method> <!-- tearDown -->
      </class> <!-- com.inetBanking.TestCases.TC_AddCustomerTest_003 -->
      <class name="com.inetBanking.TestCases.TC_LoginTest_001">
        <test-method is-config="true" signature="setup(java.lang.String)[pri:0, instance:com.inetBanking.TestCases.TC_LoginTest_001@792b749c]" started-at="2023-02-08T11:25:24Z" name="setup" finished-at="2023-02-08T11:25:30Z" duration-ms="5388" status="PASS">
          <params>
            <param index="0">
              <value>
                <![CDATA[chrome]]>
              </value>
            </param>
          </params>
          <reporter-output>
          </reporter-output>
        </test-method> <!-- setup -->
        <test-method signature="loginTest()[pri:0, instance:com.inetBanking.TestCases.TC_LoginTest_001@792b749c]" started-at="2023-02-08T11:25:30Z" name="loginTest" finished-at="2023-02-08T11:25:32Z" duration-ms="2345" status="PASS">
          <reporter-output>
          </reporter-output>
        </test-method> <!-- loginTest -->
        <test-method is-config="true" signature="tearDown()[pri:0, instance:com.inetBanking.TestCases.TC_LoginTest_001@792b749c]" started-at="2023-02-08T11:25:32Z" name="tearDown" finished-at="2023-02-08T11:25:32Z" duration-ms="199" status="PASS">
          <reporter-output>
          </reporter-output>
        </test-method> <!-- tearDown -->
      </class> <!-- com.inetBanking.TestCases.TC_LoginTest_001 -->
    </test> <!-- Test -->
  </suite> <!-- Suite -->
</testng-results>
